<?xml version="1.0" encoding="UTF-8"?>
<!-- Generated by org.testng.reporters.JUnitReportReporter -->
<testsuite hostname="LAPTOP-AEH3G0KU" failures="0" tests="5" name="testNG.AnnotationAttributes" time="32.681" errors="0" timestamp="2025-04-25T08:28:10 IST" skipped="1">
  <testcase classname="testNG.AnnotationAttributes" name="register" time="6.856">
    <system-out>
      <![CDATA[Register is successfull]]>
    </system-out>
  </testcase> <!-- register -->
  <testcase classname="testNG.AnnotationAttributes" name="register" time="9.739">
    <system-out>
      <![CDATA[Register is successfull]]>
    </system-out>
  </testcase> <!-- register -->
  <testcase classname="testNG.AnnotationAttributes" name="register" time="9.346">
    <system-out>
      <![CDATA[Register is successfull]]>
    </system-out>
  </testcase> <!-- register -->
  <testcase classname="testNG.AnnotationAttributes" name="register" time="6.740">
    <system-out>
      <![CDATA[Register is successfull]]>
    </system-out>
  </testcase> <!-- register -->
  <testcase classname="testNG.AnnotationAttributes" name="login">
    <skipped/>
  </testcase> <!-- login -->
  <system-out>
    <![CDATA[Register is successfull
Register is successfull
Register is successfull
Register is successfull]]>
  </system-out>
</testsuite> <!-- testNG.AnnotationAttributes -->
