<?xml version="1.0" encoding="UTF-8"?>
<!-- Generated by org.testng.reporters.JUnitReportReporter -->
<testsuite hostname="LAPTOP-AEH3G0KU" failures="0" tests="3" name="testNG.DependsOnMethods" time="9.476" errors="0" timestamp="2025-04-25T08:48:58 IST" skipped="0">
  <testcase classname="testNG.DependsOnMethods" name="login" time="2.953">
    <system-out>
      <![CDATA[Login is successfull]]>
    </system-out>
  </testcase> <!-- login -->
  <testcase classname="testNG.DependsOnMethods" name="register" time="3.664">
    <system-out>
      <![CDATA[Register is successfull]]>
    </system-out>
  </testcase> <!-- register -->
  <testcase classname="testNG.DependsOnMethods" name="addToCart" time="2.859">
    <system-out>
      <![CDATA[added to cart successfully]]>
    </system-out>
  </testcase> <!-- addToCart -->
  <system-out>
    <![CDATA[Register is successfull
Login is successfull
added to cart successfully]]>
  </system-out>
</testsuite> <!-- testNG.DependsOnMethods -->
