<?xml version="1.0" encoding="UTF-8"?>
<!-- Generated by org.testng.reporters.JUnitReportReporter -->
<testsuite hostname="LAPTOP-AEH3G0KU" failures="0" tests="5" name="Assignments.ToLearnDataProvider" time="34.725" errors="0" timestamp="2025-05-06T08:18:59 IST" skipped="0">
  <testcase classname="Assignments.ToLearnDataProvider" name="register" time="6.254"/>
  <testcase classname="Assignments.ToLearnDataProvider" name="register" time="5.078"/>
  <testcase classname="Assignments.ToLearnDataProvider" name="register" time="9.192"/>
  <testcase classname="Assignments.ToLearnDataProvider" name="register" time="6.317"/>
  <testcase classname="Assignments.ToLearnDataProvider" name="register" time="7.884"/>
</testsuite> <!-- Assignments.ToLearnDataProvider -->
