<?xml version="1.0" encoding="UTF-8"?>
<!-- Generated by org.testng.reporters.JUnitReportReporter -->
<testsuite hostname="LAPTOP-AEH3G0KU" failures="0" tests="1" name="testNG.ToTeastNg" time="0.017" errors="0" timestamp="2025-04-25T07:51:19 IST" skipped="0">
  <testcase classname="testNG.ToTeastNg" name="demo" time="0.017">
    <system-out>
      <![CDATA[Welcome to TestNG]]>
    </system-out>
  </testcase> <!-- demo -->
  <system-out>
    <![CDATA[Welcome to TestNG]]>
  </system-out>
</testsuite> <!-- testNG.ToTeastNg -->
