<?xml version="1.0" encoding="UTF-8"?>
<!-- Generated by org.testng.reporters.JUnitReportReporter -->
<testsuite hostname="LAPTOP-AEH3G0KU" failures="0" tests="4" name="dataProvider.ToLearnDataProvider" time="9.170" errors="0" timestamp="2025-05-05T08:38:32 IST" skipped="0">
  <testcase classname="dataProvider.ToLearnDataProvider" name="login" time="2.169"/>
  <testcase classname="dataProvider.ToLearnDataProvider" name="login" time="2.905"/>
  <testcase classname="dataProvider.ToLearnDataProvider" name="login" time="2.070"/>
  <testcase classname="dataProvider.ToLearnDataProvider" name="login" time="2.026"/>
</testsuite> <!-- dataProvider.ToLearnDataProvider -->
