<?xml version="1.0" encoding="UTF-8"?>
<!-- Generated by org.testng.reporters.JUnitReportReporter -->
<testsuite hostname="LAPTOP-AEH3G0KU" failures="0" tests="1" name="Books.TC_DWS_001_Test" time="2.874" errors="0" timestamp="2025-05-31T13:35:56 IST" skipped="0">
  <testcase classname="Books.TC_DWS_001_Test" name="clickOnBooks" time="2.874"/>
</testsuite> <!-- Books.TC_DWS_001_Test -->
